2023/05/28 07:21:05 [notice] 36#36: signal process started
2023/05/28 07:21:05 [notice] 1#1: using the "epoll" event method
2023/05/28 07:21:05 [notice] 1#1: start worker processes
2023/05/28 07:21:05 [notice] 1#1: start worker process 37
2023/05/28 07:21:05 [notice] 1#1: start worker process 38
2023/05/28 07:25:15 [notice] 1#1: signal 17 (SIGCHLD) received from 21
2023/05/28 07:25:15 [notice] 1#1: worker process 21 exited with code 0
2023/05/28 07:25:15 [notice] 1#1: signal 29 (SIGIO) received
2023/05/28 10:41:55 [emerg] 1#1: open() "/etc/nginx/mime.types" failed (2: No such file or directory) in /etc/nginx/nginx.conf:15
2023/05/28 10:41:56 [emerg] 1#1: open() "/etc/nginx/mime.types" failed (2: No such file or directory) in /etc/nginx/nginx.conf:15
2023/05/28 10:41:57 [emerg] 1#1: open() "/etc/nginx/mime.types" failed (2: No such file or directory) in /etc/nginx/nginx.conf:15
2023/05/28 10:41:58 [emerg] 1#1: open() "/etc/nginx/mime.types" failed (2: No such file or directory) in /etc/nginx/nginx.conf:15
2023/05/28 10:42:00 [emerg] 1#1: open() "/etc/nginx/mime.types" failed (2: No such file or directory) in /etc/nginx/nginx.conf:15
2023/05/28 10:42:02 [emerg] 1#1: open() "/etc/nginx/mime.types" failed (2: No such file or directory) in /etc/nginx/nginx.conf:15
2023/05/28 10:42:06 [emerg] 1#1: open() "/etc/nginx/mime.types" failed (2: No such file or directory) in /etc/nginx/nginx.conf:15
2023/05/28 10:42:13 [emerg] 1#1: open() "/etc/nginx/mime.types" failed (2: No such file or directory) in /etc/nginx/nginx.conf:15
2023/05/28 10:42:26 [emerg] 1#1: open() "/etc/nginx/mime.types" failed (2: No such file or directory) in /etc/nginx/nginx.conf:15
2023/05/28 10:42:53 [emerg] 1#1: open() "/etc/nginx/mime.types" failed (2: No such file or directory) in /etc/nginx/nginx.conf:15
2023/05/28 10:43:02 [notice] 1#1: using the "epoll" event method
2023/05/28 10:43:02 [notice] 1#1: nginx/1.25.0
2023/05/28 10:43:02 [notice] 1#1: built by gcc 10.2.1 20210110 (Debian 10.2.1-6) 
2023/05/28 10:43:02 [notice] 1#1: OS: Linux 5.4.0-1106-azure
2023/05/28 10:43:02 [notice] 1#1: getrlimit(RLIMIT_NOFILE): 1048576:1048576
2023/05/28 10:43:02 [notice] 1#1: start worker processes
2023/05/28 10:43:02 [notice] 1#1: start worker process 28
2023/05/28 10:43:02 [notice] 1#1: start worker process 29
2023/05/28 10:51:10 [notice] 1#1: signal 3 (SIGQUIT) received, shutting down
2023/05/28 10:51:10 [notice] 29#29: gracefully shutting down
2023/05/28 10:51:10 [notice] 28#28: gracefully shutting down
2023/05/28 10:51:10 [notice] 28#28: exiting
2023/05/28 10:51:10 [notice] 28#28: exit
2023/05/28 10:51:10 [notice] 1#1: signal 17 (SIGCHLD) received from 28
2023/05/28 10:51:10 [notice] 1#1: worker process 28 exited with code 0
2023/05/28 10:51:10 [notice] 1#1: signal 29 (SIGIO) received
2023/05/28 10:51:22 [notice] 1#1: using the "epoll" event method
2023/05/28 10:51:22 [notice] 1#1: nginx/1.25.0
2023/05/28 10:51:22 [notice] 1#1: built by gcc 10.2.1 20210110 (Debian 10.2.1-6) 
2023/05/28 10:51:22 [notice] 1#1: OS: Linux 5.4.0-1106-azure
2023/05/28 10:51:22 [notice] 1#1: getrlimit(RLIMIT_NOFILE): 1048576:1048576
2023/05/28 10:51:22 [notice] 1#1: start worker processes
2023/05/28 10:51:22 [notice] 1#1: start worker process 28
2023/05/28 10:51:22 [notice] 1#1: start worker process 29
